  pch.cpp
c:\program files (x86)\microsoft directx sdk (june 2010)\include\xnamath.h(2662): warning C4838: conversion from 'unsigned int' to 'INT' requires a narrowing conversion
c:\program files (x86)\microsoft directx sdk (june 2010)\include\xnamath.h(2663): warning C4838: conversion from 'unsigned int' to 'INT' requires a narrowing conversion
c:\program files (x86)\microsoft directx sdk (june 2010)\include\xnamath.h(2664): warning C4838: conversion from 'unsigned int' to 'INT' requires a narrowing conversion
c:\program files (x86)\microsoft directx sdk (june 2010)\include\xnamath.h(2665): warning C4838: conversion from 'unsigned int' to 'INT' requires a narrowing conversion
c:\program files (x86)\microsoft directx sdk (june 2010)\include\xnamath.h(2666): warning C4838: conversion from 'unsigned int' to 'INT' requires a narrowing conversion
c:\program files (x86)\microsoft directx sdk (june 2010)\include\xnamath.h(2667): warning C4838: conversion from 'unsigned int' to 'INT' requires a narrowing conversion
c:\program files (x86)\microsoft directx sdk (june 2010)\include\xnamath.h(2668): warning C4838: conversion from 'unsigned int' to 'INT' requires a narrowing conversion
c:\program files (x86)\microsoft directx sdk (june 2010)\include\xnamath.h(2689): warning C4838: conversion from 'unsigned int' to 'INT' requires a narrowing conversion
c:\program files (x86)\microsoft directx sdk (june 2010)\include\xnamath.h(2690): warning C4838: conversion from 'unsigned int' to 'INT' requires a narrowing conversion
c:\program files (x86)\microsoft directx sdk (june 2010)\include\xnamath.h(2691): warning C4838: conversion from 'unsigned int' to 'INT' requires a narrowing conversion
c:\program files (x86)\microsoft directx sdk (june 2010)\include\xnamath.h(2694): warning C4838: conversion from 'unsigned int' to 'INT' requires a narrowing conversion
c:\program files (x86)\microsoft directx sdk (june 2010)\include\xnamath.h(2695): warning C4838: conversion from 'unsigned int' to 'INT' requires a narrowing conversion
c:\program files (x86)\microsoft directx sdk (june 2010)\include\xnamath.h(2698): warning C4838: conversion from 'unsigned int' to 'INT' requires a narrowing conversion
c:\program files (x86)\microsoft directx sdk (june 2010)\include\xnamath.h(2702): warning C4838: conversion from 'unsigned int' to 'INT' requires a narrowing conversion
c:\program files (x86)\microsoft directx sdk (june 2010)\include\xnamath.h(2712): warning C4838: conversion from 'unsigned int' to 'INT' requires a narrowing conversion
c:\program files (x86)\microsoft directx sdk (june 2010)\include\xnamath.h(2713): warning C4838: conversion from 'unsigned int' to 'INT' requires a narrowing conversion
c:\program files (x86)\microsoft directx sdk (june 2010)\include\xnamath.h(2715): warning C4838: conversion from 'unsigned int' to 'INT' requires a narrowing conversion
c:\program files (x86)\microsoft directx sdk (june 2010)\include\xnamath.h(2716): warning C4838: conversion from 'unsigned int' to 'INT' requires a narrowing conversion
c:\program files (x86)\microsoft directx sdk (june 2010)\include\xnamath.h(2717): warning C4838: conversion from 'unsigned int' to 'INT' requires a narrowing conversion
c:\program files (x86)\microsoft directx sdk (june 2010)\include\xnamath.h(2727): warning C4838: conversion from 'unsigned int' to 'INT' requires a narrowing conversion
c:\program files (x86)\microsoft directx sdk (june 2010)\include\xnamath.h(2728): warning C4838: conversion from 'unsigned int' to 'INT' requires a narrowing conversion
c:\program files (x86)\microsoft directx sdk (june 2010)\include\xnamath.h(2729): warning C4838: conversion from 'unsigned int' to 'INT' requires a narrowing conversion
c:\program files (x86)\microsoft directx sdk (june 2010)\include\xnamath.h(2730): warning C4838: conversion from 'unsigned int' to 'INT' requires a narrowing conversion
c:\program files (x86)\microsoft directx sdk (june 2010)\include\xnamath.h(2731): warning C4838: conversion from 'unsigned int' to 'INT' requires a narrowing conversion
c:\program files (x86)\microsoft directx sdk (june 2010)\include\xnamath.h(2732): warning C4838: conversion from 'unsigned int' to 'INT' requires a narrowing conversion
c:\program files (x86)\microsoft directx sdk (june 2010)\include\xnamath.h(2742): warning C4838: conversion from 'unsigned int' to 'INT' requires a narrowing conversion
c:\program files (x86)\microsoft directx sdk (june 2010)\include\xnamath.h(2743): warning C4838: conversion from 'unsigned int' to 'INT' requires a narrowing conversion
c:\program files (x86)\microsoft directx sdk (june 2010)\include\xnamath.h(2754): warning C4838: conversion from 'unsigned int' to 'INT' requires a narrowing conversion
  c:\program files (x86)\windows kits\10\include\10.0.16299.0\um\dinput.h: DIRECTINPUT_VERSION undefined. Defaulting to version 0x0800
  BaseModel.cpp
  Camera.cpp
  Character.cpp
d:\johnslair\johsgoogledrive\advancedgameprogramming\projects\swinginggame\character.cpp(110): warning C4244: 'argument': conversion from 'double' to 'float', possible loss of data
  Collectable.cpp
  Collider.cpp
  Enemy.cpp
d:\johnslair\johsgoogledrive\advancedgameprogramming\projects\swinginggame\enemy.cpp(58): warning C4244: 'argument': conversion from 'double' to 'float', possible loss of data
d:\johnslair\johsgoogledrive\advancedgameprogramming\projects\swinginggame\enemy.cpp(111): warning C4244: 'argument': conversion from 'double' to 'float', possible loss of data
d:\johnslair\johsgoogledrive\advancedgameprogramming\projects\swinginggame\enemy.cpp(125): warning C4018: '>=': signed/unsigned mismatch
d:\johnslair\johsgoogledrive\advancedgameprogramming\projects\swinginggame\enemy.cpp(128): warning C4244: 'argument': conversion from 'double' to 'float', possible loss of data
  Floor.cpp
  GameObject.cpp
d:\johnslair\johsgoogledrive\advancedgameprogramming\projects\swinginggame\gameobject.cpp(62): warning C4244: 'argument': conversion from 'double' to 'float', possible loss of data
d:\johnslair\johsgoogledrive\advancedgameprogramming\projects\swinginggame\gameobject.cpp(311): warning C4018: '<': signed/unsigned mismatch
  GeoCube.cpp
  Geometry.cpp
  Input.cpp
d:\johnslair\johsgoogledrive\advancedgameprogramming\projects\swinginggame\input.cpp(172): warning C4244: 'argument': conversion from 'double' to 'float', possible loss of data
  LavaFloor.cpp
  MeshCollider.cpp
d:\johnslair\johsgoogledrive\advancedgameprogramming\projects\swinginggame\meshcollider.cpp(16): warning C4018: '<': signed/unsigned mismatch
  Model.cpp
  Obstacle.cpp
d:\johnslair\johsgoogledrive\advancedgameprogramming\projects\swinginggame\obstacle.cpp(20): warning C4244: 'argument': conversion from 'const float' to 'int', possible loss of data
  Player.cpp
  Skybox.cpp
  SphereCollider.cpp
  Transform.cpp
  VGTime.cpp
  Compiling...
  d3dfw.cpp
  main.cpp
d:\johnslair\johsgoogledrive\advancedgameprogramming\projects\swinginggame\text2d.h(2): warning C4005: '_XM_NO_INTRINSICS_': macro redefinition
  d:\johnslair\johsgoogledrive\advancedgameprogramming\projects\swinginggame\pch.cpp: note: see previous definition of '_XM_NO_INTRINSICS_'
d:\johnslair\johsgoogledrive\advancedgameprogramming\projects\swinginggame\text2d.h(3): warning C4005: 'XM_NO_ALIGNMENT': macro redefinition
  d:\johnslair\johsgoogledrive\advancedgameprogramming\projects\swinginggame\pch.cpp: note: see previous definition of 'XM_NO_ALIGNMENT'
d:\johnslair\johsgoogledrive\advancedgameprogramming\projects\swinginggame\main.cpp(116): warning C4244: 'argument': conversion from 'double' to 'const float', possible loss of data
d:\johnslair\johsgoogledrive\advancedgameprogramming\projects\swinginggame\main.cpp(136): warning C4305: 'argument': truncation from 'double' to 'float'
d:\johnslair\johsgoogledrive\advancedgameprogramming\projects\swinginggame\main.cpp(137): warning C4305: 'argument': truncation from 'double' to 'float'
d:\johnslair\johsgoogledrive\advancedgameprogramming\projects\swinginggame\main.cpp(138): warning C4305: 'argument': truncation from 'double' to 'float'
d:\johnslair\johsgoogledrive\advancedgameprogramming\projects\swinginggame\main.cpp(139): warning C4305: 'argument': truncation from 'double' to 'float'
d:\johnslair\johsgoogledrive\advancedgameprogramming\projects\swinginggame\main.cpp(140): warning C4305: 'argument': truncation from 'double' to 'float'
d:\johnslair\johsgoogledrive\advancedgameprogramming\projects\swinginggame\main.cpp(173): warning C4244: 'argument': conversion from 'size_t' to 'FLOAT', possible loss of data
d:\johnslair\johsgoogledrive\advancedgameprogramming\projects\swinginggame\main.cpp(183): warning C4018: '<': signed/unsigned mismatch
d:\johnslair\johsgoogledrive\advancedgameprogramming\projects\swinginggame\main.cpp(185): warning C4018: '<': signed/unsigned mismatch
d:\johnslair\johsgoogledrive\advancedgameprogramming\projects\swinginggame\main.cpp(187): warning C4244: 'argument': conversion from 'size_t' to 'FLOAT', possible loss of data
d:\johnslair\johsgoogledrive\advancedgameprogramming\projects\swinginggame\main.cpp(193): warning C4018: '<': signed/unsigned mismatch
d:\johnslair\johsgoogledrive\advancedgameprogramming\projects\swinginggame\main.cpp(195): warning C4018: '<': signed/unsigned mismatch
d:\johnslair\johsgoogledrive\advancedgameprogramming\projects\swinginggame\main.cpp(197): warning C4244: 'argument': conversion from 'size_t' to 'FLOAT', possible loss of data
d:\johnslair\johsgoogledrive\advancedgameprogramming\projects\swinginggame\main.cpp(203): warning C4018: '<': signed/unsigned mismatch
d:\johnslair\johsgoogledrive\advancedgameprogramming\projects\swinginggame\main.cpp(205): warning C4018: '<': signed/unsigned mismatch
d:\johnslair\johsgoogledrive\advancedgameprogramming\projects\swinginggame\main.cpp(207): warning C4244: 'argument': conversion from 'size_t' to 'FLOAT', possible loss of data
  objfilemodel.cpp
d:\johnslair\johsgoogledrive\advancedgameprogramming\projects\swinginggame\objfilemodel.cpp(2): warning C4005: '_CRT_SECURE_NO_WARNINGS': macro redefinition
  d:\johnslair\johsgoogledrive\advancedgameprogramming\projects\swinginggame\pch.cpp: note: see previous definition of '_CRT_SECURE_NO_WARNINGS'
  text2D.cpp
d:\johnslair\johsgoogledrive\advancedgameprogramming\projects\swinginggame\text2d.h(2): warning C4005: '_XM_NO_INTRINSICS_': macro redefinition
  d:\johnslair\johsgoogledrive\advancedgameprogramming\projects\swinginggame\pch.cpp: note: see previous definition of '_XM_NO_INTRINSICS_'
d:\johnslair\johsgoogledrive\advancedgameprogramming\projects\swinginggame\text2d.h(3): warning C4005: 'XM_NO_ALIGNMENT': macro redefinition
  d:\johnslair\johsgoogledrive\advancedgameprogramming\projects\swinginggame\pch.cpp: note: see previous definition of 'XM_NO_ALIGNMENT'
  Generating code
  192 of 908 functions (21.1%) were compiled, the rest were copied from previous compilation.
    5 functions were new in current compilation
    77 functions had inline decision re-evaluated but remain unchanged
  Finished generating code
  SwingingGame.vcxproj -> D:\JohnsLair\JohsGoogleDrive\AdvancedGameProgramming\Projects\SwingingGame\Release\SwingingGame.exe
